<?xml version="1.0" encoding="UTF-8"?>
<!-- Generated by org.testng.reporters.JUnitXMLReporter -->
<testsuite hostname="DESKTOP-6KCAU01" ignored="0" name="Regeression suite 1" tests="11" failures="4" timestamp="04 Jun 2020 12:42:00 GMT" time="46.49" errors="0">
  <testcase name="Test" time="2.409" classname="poly.selenium.Selenium1"/>
  <testcase name="Test1" time="9.44" classname="poly.selenium.Selenium1"/>
  <testcase name="Test2" time="5.376" classname="poly.selenium.Selenium1"/>
  <testcase name="Test3" time="12.802" classname="poly.selenium.Selenium1"/>
  <testcase name="Test4" time="11.239" classname="poly.selenium.Selenium1">
    <failure type="java.lang.AssertionError" message="expected [true] but found [false]">
      <![CDATA[java.lang.AssertionError: expected [true] but found [false]
at poly.selenium.Selenium1.Test4(Selenium1.java:428)
... Removed 29 stack frames]]>
    </failure>
  </testcase> <!-- Test4 -->
  <testcase name="Test5" time="0.617" classname="poly.selenium.Selenium1">
    <failure type="java.lang.AssertionError" message="expected [true] but found [false]">
      <![CDATA[java.lang.AssertionError: expected [true] but found [false]
at poly.selenium.Selenium1.Test5(Selenium1.java:486)
... Removed 29 stack frames]]>
    </failure>
  </testcase> <!-- Test5 -->
  <testcase name="Test6" time="0.032" classname="poly.selenium.Selenium1">
    <failure type="java.lang.AssertionError" message="expected [true] but found [false]">
      <![CDATA[java.lang.AssertionError: expected [true] but found [false]
at poly.selenium.Selenium1.Test6(Selenium1.java:542)
... Removed 29 stack frames]]>
    </failure>
  </testcase> <!-- Test6 -->
  <testcase name="deleteDepart" time="0.03" classname="poly.selenium.Selenium1">
    <failure type="java.lang.AssertionError" message="expected [true] but found [false]">
      <![CDATA[java.lang.AssertionError: expected [true] but found [false]
at poly.selenium.Selenium1.deleteDepart(Selenium1.java:590)
... Removed 29 stack frames]]>
    </failure>
  </testcase> <!-- deleteDepart -->
  <testcase name="testAddNV" time="0.028" classname="poly.selenium.Selenium1"/>
  <testcase name="testUpdateNV" time="0.027" classname="poly.selenium.Selenium1"/>
  <testcase name="suiteTearDown" time="0.69" classname="poly.selenium.Selenium1"/>
</testsuite> <!-- Regeression suite 1 -->
